Created by PLY version 3.8 (http://www.dabeaz.com/ply)

Unused terminals:

    COMMENT

Grammar

Rule 0     S' -> expression
Rule 1     expression -> ID ASSIGNMENT LB ID RB LP IDS RP EOL
Rule 2     IDS -> IDS SEPARATOR IDS
Rule 3     IDS -> ID
Rule 4     expression -> DISPLAY LP ID CONCATENATION QGEN RP EOL

Terminals, with rules where they appear

ASSIGNMENT           : 1
COMMENT              : 
CONCATENATION        : 4
DISPLAY              : 4
EOL                  : 1 4
ID                   : 1 1 3 4
LB                   : 1
LP                   : 1 4
QGEN                 : 4
RB                   : 1
RP                   : 1 4
SEPARATOR            : 2
error                : 

Nonterminals, with rules where they appear

IDS                  : 1 2 2
expression           : 0

Parsing method: LALR

state 0

    (0) S' -> . expression
    (1) expression -> . ID ASSIGNMENT LB ID RB LP IDS RP EOL
    (4) expression -> . DISPLAY LP ID CONCATENATION QGEN RP EOL

    ID              shift and go to state 1
    DISPLAY         shift and go to state 3

    expression                     shift and go to state 2

state 1

    (1) expression -> ID . ASSIGNMENT LB ID RB LP IDS RP EOL

    ASSIGNMENT      shift and go to state 4


state 2

    (0) S' -> expression .



state 3

    (4) expression -> DISPLAY . LP ID CONCATENATION QGEN RP EOL

    LP              shift and go to state 5


state 4

    (1) expression -> ID ASSIGNMENT . LB ID RB LP IDS RP EOL

    LB              shift and go to state 6


state 5

    (4) expression -> DISPLAY LP . ID CONCATENATION QGEN RP EOL

    ID              shift and go to state 7


state 6

    (1) expression -> ID ASSIGNMENT LB . ID RB LP IDS RP EOL

    ID              shift and go to state 8


state 7

    (4) expression -> DISPLAY LP ID . CONCATENATION QGEN RP EOL

    CONCATENATION   shift and go to state 9


state 8

    (1) expression -> ID ASSIGNMENT LB ID . RB LP IDS RP EOL

    RB              shift and go to state 10


state 9

    (4) expression -> DISPLAY LP ID CONCATENATION . QGEN RP EOL

    QGEN            shift and go to state 11


state 10

    (1) expression -> ID ASSIGNMENT LB ID RB . LP IDS RP EOL

    LP              shift and go to state 12


state 11

    (4) expression -> DISPLAY LP ID CONCATENATION QGEN . RP EOL

    RP              shift and go to state 13


state 12

    (1) expression -> ID ASSIGNMENT LB ID RB LP . IDS RP EOL
    (2) IDS -> . IDS SEPARATOR IDS
    (3) IDS -> . ID

    ID              shift and go to state 15

    IDS                            shift and go to state 14

state 13

    (4) expression -> DISPLAY LP ID CONCATENATION QGEN RP . EOL

    EOL             shift and go to state 16


state 14

    (1) expression -> ID ASSIGNMENT LB ID RB LP IDS . RP EOL
    (2) IDS -> IDS . SEPARATOR IDS

    RP              shift and go to state 18
    SEPARATOR       shift and go to state 17


state 15

    (3) IDS -> ID .

    SEPARATOR       reduce using rule 3 (IDS -> ID .)
    RP              reduce using rule 3 (IDS -> ID .)


state 16

    (4) expression -> DISPLAY LP ID CONCATENATION QGEN RP EOL .

    $end            reduce using rule 4 (expression -> DISPLAY LP ID CONCATENATION QGEN RP EOL .)


state 17

    (2) IDS -> IDS SEPARATOR . IDS
    (2) IDS -> . IDS SEPARATOR IDS
    (3) IDS -> . ID

    ID              shift and go to state 15

    IDS                            shift and go to state 19

state 18

    (1) expression -> ID ASSIGNMENT LB ID RB LP IDS RP . EOL

    EOL             shift and go to state 20


state 19

    (2) IDS -> IDS SEPARATOR IDS .
    (2) IDS -> IDS . SEPARATOR IDS

  ! shift/reduce conflict for SEPARATOR resolved as shift
    RP              reduce using rule 2 (IDS -> IDS SEPARATOR IDS .)
    SEPARATOR       shift and go to state 17

  ! SEPARATOR       [ reduce using rule 2 (IDS -> IDS SEPARATOR IDS .) ]


state 20

    (1) expression -> ID ASSIGNMENT LB ID RB LP IDS RP EOL .

    $end            reduce using rule 1 (expression -> ID ASSIGNMENT LB ID RB LP IDS RP EOL .)

WARNING: 
WARNING: Conflicts:
WARNING: 
WARNING: shift/reduce conflict for SEPARATOR in state 19 resolved as shift
